<?xml version="1.0" encoding="UTF-8"?>
<!-- Generated by org.testng.reporters.JUnitReportReporter -->
<testsuite skipped="0" hostname="DESKTOP-MHM4477" name="com.SQLConnect.SQLConnect" tests="6" failures="0" timestamp="2022-05-04T12:44:10 EDT" time="0.789" errors="0">
  <testcase name="getDependantsData" time="0.022" classname="com.SQLConnect.SQLConnect"/>
  <system-out/>
  <testcase name="getJobsData" time="0.018" classname="com.SQLConnect.SQLConnect"/>
  <system-out/>
  <testcase name="getDepartmentsData" time="0.042" classname="com.SQLConnect.SQLConnect"/>
  <system-out/>
  <testcase name="getLocationData" time="0.021" classname="com.SQLConnect.SQLConnect"/>
  <system-out/>
  <testcase name="getCountriesData" time="0.658" classname="com.SQLConnect.SQLConnect"/>
  <system-out/>
  <testcase name="getEmployeesData" time="0.028" classname="com.SQLConnect.SQLConnect"/>
  <system-out/>
</testsuite> <!-- com.SQLConnect.SQLConnect -->
