<?xml version="1.0" encoding="UTF-8"?>
<!-- Generated by org.testng.reporters.JUnitReportReporter -->
<testsuite hostname="DESKTOP-MHM4477" failures="0" tests="7" name="com.PageTests.BusinessTest" time="60.017" errors="0" timestamp="2022-05-10T17:00:42 EDT" skipped="0">
  <testcase classname="com.PageTests.BusinessTest" name="scrollFullpage" time="6.322"/>
  <system-out/>
  <testcase classname="com.PageTests.BusinessTest" name="clickLogo" time="10.154"/>
  <system-out/>
  <testcase classname="com.PageTests.BusinessTest" name="allHiddenButton" time="8.168"/>
  <system-out/>
  <testcase classname="com.PageTests.BusinessTest" name="clickingAllhiddenItems" time="6.620"/>
  <system-out/>
  <testcase classname="com.PageTests.BusinessTest" name="clickinAnItem" time="8.352"/>
  <system-out/>
  <testcase classname="com.PageTests.BusinessTest" name="webLinks" time="9.789"/>
  <system-out/>
  <testcase classname="com.PageTests.BusinessTest" name="dropTest" time="10.612"/>
  <system-out/>
</testsuite> <!-- com.PageTests.BusinessTest -->
