<?xml version="1.0" encoding="UTF-8"?>
<!-- Generated by org.testng.reporters.JUnitReportReporter -->
<testsuite hostname="DESKTOP-MHM4477" failures="0" tests="2" name="com.PageTests.JeweleryTest" time="69.021" errors="0" timestamp="2022-05-10T17:00:42 EDT" skipped="0">
  <testcase classname="com.PageTests.JeweleryTest" name="jewelry1" time="21.614"/>
  <system-out/>
  <testcase classname="com.PageTests.JeweleryTest" name="jewelry2" time="47.407"/>
  <system-out/>
</testsuite> <!-- com.PageTests.JeweleryTest -->
