<?xml version="1.0" encoding="UTF-8"?>
<!-- Generated by org.testng.reporters.JUnitReportReporter -->
<testsuite hostname="DESKTOP-MHM4477" failures="0" tests="1" name="com.PageTests.HomePageTest" time="103.460" errors="0" timestamp="2022-05-10T17:34:09 EDT" skipped="0">
  <testcase classname="com.PageTests.HomePageTest" name="hoverTest" time="103.460"/>
  <system-out/>
</testsuite> <!-- com.PageTests.HomePageTest -->
