<?xml version="1.0" encoding="UTF-8"?>
<!-- Generated by org.testng.reporters.JUnitReportReporter -->
<testsuite hostname="DESKTOP-MHM4477" failures="0" tests="6" name="com.PageTests.RefurbishedPageTest" time="56.232" errors="0" timestamp="2022-05-10T17:00:42 EDT" skipped="0">
  <testcase classname="com.PageTests.RefurbishedPageTest" name="bottomTxt" time="10.184"/>
  <system-out/>
  <testcase classname="com.PageTests.RefurbishedPageTest" name="pageInfo" time="6.131"/>
  <system-out/>
  <testcase classname="com.PageTests.RefurbishedPageTest" name="fullPagetTxT" time="6.574"/>
  <system-out/>
  <testcase classname="com.PageTests.RefurbishedPageTest" name="logoClick" time="11.309"/>
  <system-out/>
  <testcase classname="com.PageTests.RefurbishedPageTest" name="clickManyItems" time="6.027"/>
  <system-out/>
  <testcase classname="com.PageTests.RefurbishedPageTest" name="callingAllHiddenButtons" time="16.007"/>
  <system-out/>
</testsuite> <!-- com.PageTests.RefurbishedPageTest -->
