<?xml version="1.0" encoding="UTF-8"?>
<!-- Generated by org.testng.reporters.JUnitReportReporter -->
<testsuite hostname="DESKTOP-MHM4477" failures="0" tests="2" name="com.PageTests.BrandOutletTest" time="35.046" errors="0" timestamp="2022-05-10T17:00:42 EDT" skipped="0">
  <testcase classname="com.PageTests.BrandOutletTest" name="callingAllHiddenButtons" time="28.022"/>
  <system-out/>
  <testcase classname="com.PageTests.BrandOutletTest" name="assertingPageTitle" time="7.024"/>
  <system-out/>
</testsuite> <!-- com.PageTests.BrandOutletTest -->
