<?xml version="1.0" encoding="UTF-8"?>
<!-- Generated by org.testng.reporters.JUnitReportReporter -->
<testsuite hostname="DESKTOP-MHM4477" failures="0" tests="1" name="com.PageTests.DailyDealsTest" time="18.033" errors="0" timestamp="2022-05-10T17:34:09 EDT" skipped="0">
  <testcase classname="com.PageTests.DailyDealsTest" name="screenShot" time="18.033"/>
  <system-out/>
</testsuite> <!-- com.PageTests.DailyDealsTest -->
