<?xml version="1.0" encoding="UTF-8"?>
<!-- Generated by org.testng.reporters.JUnitReportReporter -->
<testsuite hostname="DESKTOP-MHM4477" failures="0" tests="5" name="com.PageTests.StartSellingTest" time="52.896" errors="0" timestamp="2022-05-10T17:00:42 EDT" skipped="0">
  <testcase classname="com.PageTests.StartSellingTest" name="pageTitle" time="8.650"/>
  <system-out/>
  <testcase classname="com.PageTests.StartSellingTest" name="faQText" time="10.652"/>
  <system-out/>
  <testcase classname="com.PageTests.StartSellingTest" name="listAnItem" time="8.091"/>
  <system-out/>
  <testcase classname="com.PageTests.StartSellingTest" name="searchSuggestion" time="11.631"/>
  <system-out/>
  <testcase classname="com.PageTests.StartSellingTest" name="sellerPolicyInfo" time="13.872"/>
  <system-out/>
</testsuite> <!-- com.PageTests.StartSellingTest -->
