<?xml version="1.0" encoding="UTF-8"?>
<!-- Generated by org.testng.reporters.JUnitReportReporter -->
<testsuite hostname="DESKTOP-MHM4477" failures="0" tests="4" name="com.PageTests.MotorsTest" time="75.454" errors="0" timestamp="2022-05-10T17:00:42 EDT" skipped="0">
  <testcase classname="com.PageTests.MotorsTest" name="pageTitle" time="9.604"/>
  <system-out/>
  <testcase classname="com.PageTests.MotorsTest" name="printText" time="6.058"/>
  <system-out/>
  <testcase classname="com.PageTests.MotorsTest" name="hiddenButtons" time="9.834"/>
  <system-out/>
  <testcase classname="com.PageTests.MotorsTest" name="hiddenItemCLicks" time="49.958"/>
  <system-out/>
</testsuite> <!-- com.PageTests.MotorsTest -->
