<?xml version="1.0" encoding="UTF-8"?>
<!-- Generated by org.testng.reporters.JUnitReportReporter -->
<testsuite hostname="DESKTOP-MHM4477" failures="0" tests="1" name="com.PageTests.ClothingAccessoriesTests" time="27.699" errors="0" timestamp="2022-05-10T17:34:09 EDT" skipped="0">
  <testcase classname="com.PageTests.ClothingAccessoriesTests" name="remainingCategories" time="27.699"/>
  <system-out/>
</testsuite> <!-- com.PageTests.ClothingAccessoriesTests -->
