<?xml version="1.0" encoding="UTF-8"?>
<!-- Generated by org.testng.reporters.JUnitReportReporter -->
<testsuite hostname="DESKTOP-MHM4477" failures="0" tests="2" name="com.PageTests.HomePageSearchTest" time="22.011" errors="0" timestamp="2022-05-10T17:34:09 EDT" skipped="0">
  <testcase classname="com.PageTests.HomePageSearchTest" name="itemSearchResults" time="11.855"/>
  <system-out/>
  <testcase classname="com.PageTests.HomePageSearchTest" name="searchResultsAgain" time="10.156"/>
  <system-out/>
</testsuite> <!-- com.PageTests.HomePageSearchTest -->
