<?xml version="1.0" encoding="UTF-8"?>
<!-- Generated by org.testng.reporters.JUnitReportReporter -->
<testsuite hostname="DESKTOP-MHM4477" failures="0" tests="1" name="com.PageTests.SearchSelectTest" time="14.116" errors="0" timestamp="2022-05-10T17:34:09 EDT" skipped="0">
  <testcase classname="com.PageTests.SearchSelectTest" name="iPhoneDescription" time="14.116"/>
  <system-out/>
</testsuite> <!-- com.PageTests.SearchSelectTest -->
