<?xml version="1.0" encoding="UTF-8"?>
<!-- Generated by org.testng.reporters.JUnitReportReporter -->
<testsuite hostname="DESKTOP-MHM4477" failures="0" tests="13" name="com.PageTests.ElectronicsPageTest" time="136.734" errors="0" timestamp="2022-05-10T17:00:42 EDT" skipped="0">
  <testcase classname="com.PageTests.ElectronicsPageTest" name="titleTEst2" time="6.425"/>
  <system-out/>
  <testcase classname="com.PageTests.ElectronicsPageTest" name="titleTest" time="3.602"/>
  <system-out/>
  <testcase classname="com.PageTests.ElectronicsPageTest" name="callingDropDown1" time="10.099"/>
  <system-out/>
  <testcase classname="com.PageTests.ElectronicsPageTest" name="callingDropDown2" time="10.057"/>
  <system-out/>
  <testcase classname="com.PageTests.ElectronicsPageTest" name="callingDropDown3" time="9.109"/>
  <system-out/>
  <testcase classname="com.PageTests.ElectronicsPageTest" name="callingDropDown4" time="9.360"/>
  <system-out/>
  <testcase classname="com.PageTests.ElectronicsPageTest" name="callingDropDown5" time="14.619"/>
  <system-out/>
  <testcase classname="com.PageTests.ElectronicsPageTest" name="callingDropDown6" time="13.643"/>
  <system-out/>
  <testcase classname="com.PageTests.ElectronicsPageTest" name="callingDropDown7" time="8.549"/>
  <system-out/>
  <testcase classname="com.PageTests.ElectronicsPageTest" name="callingDropDown8" time="9.262"/>
  <system-out/>
  <testcase classname="com.PageTests.ElectronicsPageTest" name="callingDropDown9" time="14.981"/>
  <system-out/>
  <testcase classname="com.PageTests.ElectronicsPageTest" name="callingDropDown10" time="10.807"/>
  <system-out/>
  <testcase classname="com.PageTests.ElectronicsPageTest" name="clickItem" time="16.221"/>
  <system-out/>
</testsuite> <!-- com.PageTests.ElectronicsPageTest -->
